<?xml version="1.0" encoding="UTF-8"?>
<!-- Generated by org.testng.reporters.JUnitReportReporter -->
<testsuite hostname="DESKTOP-VFA3M3H" failures="0" tests="1" name="Test.TestNG3" time="0.002" errors="0" timestamp="2024-03-11T11:02:20 IST" skipped="0">
  <testcase classname="Test.TestNG3" name="Demo" time="0.002"/>
  <system-out/>
</testsuite> <!-- Test.TestNG3 -->
