<?xml version="1.0" encoding="UTF-8"?>
<!-- Generated by org.testng.reporters.JUnitReportReporter -->
<testsuite hostname="DESKTOP-VFA3M3H" failures="0" tests="1" name="ReTest.USguy" time="0.018" errors="0" timestamp="2024-04-04T16:51:24 IST" skipped="0">
  <testcase classname="ReTest.USguy" name="Demo" time="0.018"/>
  <system-out/>
</testsuite> <!-- ReTest.USguy -->
