<?xml version="1.0" encoding="UTF-8"?>
<!-- Generated by org.testng.reporters.JUnitReportReporter -->
<testsuite hostname="DESKTOP-VFA3M3H" failures="0" tests="1" name="ReTest.TestNG3" time="0.010" errors="0" timestamp="2024-03-01T11:09:16 IST" skipped="0">
  <testcase classname="ReTest.TestNG3" name="Demo" time="0.010"/>
  <system-out/>
</testsuite> <!-- ReTest.TestNG3 -->
