<?xml version="1.0" encoding="UTF-8"?>
<!-- Generated by org.testng.reporters.JUnitReportReporter -->
<testsuite hostname="DESKTOP-VFA3M3H" failures="0" tests="7" name="Test.TestNG2" time="0.030" errors="0" timestamp="2024-03-11T11:02:20 IST" skipped="1">
  <testcase classname="Test.TestNG2" name="ABCDemo" time="0.003"/>
  <system-out/>
  <testcase classname="Test.TestNG2" name="ABCDemo" time="0.002"/>
  <system-out/>
  <testcase classname="Test.TestNG2" name="ABCDemo" time="0.015"/>
  <system-out/>
  <testcase classname="Test.TestNG2" name="Demo" time="0.005"/>
  <system-out/>
  <testcase classname="Test.TestNG2" name="AA2" time="0.002"/>
  <system-out/>
  <testcase classname="Test.TestNG2" name="EDemo" time="0.003"/>
  <system-out/>
  <testcase classname="Test.TestNG2" name="Execution1">
    <skipped/>
  </testcase> <!-- Execution1 -->
  <system-out/>
</testsuite> <!-- Test.TestNG2 -->
