<?xml version="1.0" encoding="UTF-8"?>
<!-- Generated by org.testng.reporters.JUnitReportReporter -->
<testsuite hostname="DESKTOP-VFA3M3H" failures="0" tests="3" name="Test.TestNG" time="0.018" errors="0" timestamp="2024-03-11T11:01:52 IST" skipped="0">
  <testcase classname="Test.TestNG" name="LLDemo" time="0.003"/>
  <system-out/>
  <testcase classname="Test.TestNG" name="ADemo1" time="0.010"/>
  <system-out/>
  <testcase classname="Test.TestNG" name="CDemo3" time="0.005"/>
  <system-out/>
</testsuite> <!-- Test.TestNG -->
