<?xml version="1.0" encoding="UTF-8"?>
<!-- Generated by org.testng.reporters.JUnitReportReporter -->
<testsuite hostname="DESKTOP-VFA3M3H" failures="0" tests="2" name="RSA_Training.Tests.SubmitOrderTest" time="15.592" errors="0" timestamp="2024-03-28T11:33:47 IST" skipped="0">
  <testcase classname="RSA_Training.Tests.SubmitOrderTest" name="SubmitOrder" time="9.075"/>
  <system-out/>
  <testcase classname="RSA_Training.Tests.SubmitOrderTest" name="SubmitOrder" time="6.517"/>
  <system-out/>
</testsuite> <!-- RSA_Training.Tests.SubmitOrderTest -->
