<?xml version="1.0" encoding="UTF-8"?>
<!-- Generated by org.testng.reporters.JUnitReportReporter -->
<testsuite hostname="DESKTOP-VFA3M3H" failures="0" tests="1" name="RSA.resources.ExtentReportsNG1" time="10.510" errors="0" timestamp="2024-04-04T11:35:00 IST" skipped="0">
  <testcase classname="RSA.resources.ExtentReportsNG1" name="Demo" time="10.510"/>
  <system-out/>
</testsuite> <!-- RSA.resources.ExtentReportsNG1 -->
