<?xml version="1.0" encoding="UTF-8"?>
<!-- Generated by org.testng.reporters.JUnitReportReporter -->
<testsuite hostname="DESKTOP-VFA3M3H" failures="0" tests="1" name="RSA_Training.TestDer" time="0.011" errors="0" timestamp="2024-03-12T16:45:07 IST" skipped="0">
  <testcase classname="RSA_Training.TestDer" name="Demo" time="0.011"/>
  <system-out/>
</testsuite> <!-- RSA_Training.TestDer -->
