<?xml version="1.0" encoding="UTF-8"?>
<!-- Generated by org.testng.reporters.JUnitReportReporter -->
<testsuite hostname="DESKTOP-VFA3M3H" failures="0" tests="2" name="RSA_Training.Tests.ErrorValidationTest" time="22.435" errors="0" timestamp="2024-03-28T12:31:15 IST" skipped="0">
  <testcase classname="RSA_Training.Tests.ErrorValidationTest" name="ErrorValidation" time="9.216"/>
  <testcase classname="RSA_Training.Tests.ErrorValidationTest" name="ProductErrorValidation" time="13.219"/>
</testsuite> <!-- RSA_Training.Tests.ErrorValidationTest -->
